[0.142s] Invoking command in '/home/rosdev/ros2_ws/src/build/arm2': CMAKE_PREFIX_PATH=${CMAKE_PREFIX_PATH}:/opt/ros/humble /usr/bin/cmake --build /home/rosdev/ros2_ws/src/build/arm2 -- -j16 -l16
[0.227s] Invoked command in '/home/rosdev/ros2_ws/src/build/arm2' returned '0': CMAKE_PREFIX_PATH=${CMAKE_PREFIX_PATH}:/opt/ros/humble /usr/bin/cmake --build /home/rosdev/ros2_ws/src/build/arm2 -- -j16 -l16
[0.279s] Invoking command in '/home/rosdev/ros2_ws/src/build/arm2': CMAKE_PREFIX_PATH=${CMAKE_PREFIX_PATH}:/opt/ros/humble /usr/bin/cmake --install /home/rosdev/ros2_ws/src/build/arm2
[0.290s] -- Install configuration: ""
[0.297s] -- Up-to-date: /home/rosdev/ros2_ws/src/install/arm2/share/arm2//config
[0.324s] -- Up-to-date: /home/rosdev/ros2_ws/src/install/arm2/share/arm2//config/joint_names_assem2.yaml
[0.338s] -- Up-to-date: /home/rosdev/ros2_ws/src/install/arm2/share/arm2//launch
[0.366s] -- Up-to-date: /home/rosdev/ros2_ws/src/install/arm2/share/arm2//launch/display.launch
[0.386s] -- Installing: /home/rosdev/ros2_ws/src/install/arm2/share/arm2//launch/display.launch.py
[0.464s] -- Up-to-date: /home/rosdev/ros2_ws/src/install/arm2/share/arm2//launch/gazebo.launch
[0.478s] -- Up-to-date: /home/rosdev/ros2_ws/src/install/arm2/share/arm2//meshes
[0.507s] -- Up-to-date: /home/rosdev/ros2_ws/src/install/arm2/share/arm2//meshes/base_link.STL
[0.530s] -- Up-to-date: /home/rosdev/ros2_ws/src/install/arm2/share/arm2//meshes/link1.STL
[0.553s] -- Up-to-date: /home/rosdev/ros2_ws/src/install/arm2/share/arm2//meshes/link2.STL
[0.570s] -- Up-to-date: /home/rosdev/ros2_ws/src/install/arm2/share/arm2//meshes/link3.STL
[0.589s] -- Up-to-date: /home/rosdev/ros2_ws/src/install/arm2/share/arm2//meshes/link4.STL
[0.609s] -- Up-to-date: /home/rosdev/ros2_ws/src/install/arm2/share/arm2//meshes/link5.STL
[0.631s] -- Up-to-date: /home/rosdev/ros2_ws/src/install/arm2/share/arm2//meshes/link6.STL
[0.651s] -- Up-to-date: /home/rosdev/ros2_ws/src/install/arm2/share/arm2//meshes/link7.STL
[0.666s] -- Up-to-date: /home/rosdev/ros2_ws/src/install/arm2/share/arm2//urdf
[0.693s] -- Up-to-date: /home/rosdev/ros2_ws/src/install/arm2/share/arm2//urdf/assem2.csv
[0.716s] -- Up-to-date: /home/rosdev/ros2_ws/src/install/arm2/share/arm2//urdf/assem2.urdf
[0.750s] -- Up-to-date: /home/rosdev/ros2_ws/src/install/arm2/share/ament_index/resource_index/package_run_dependencies/arm2
[0.789s] -- Up-to-date: /home/rosdev/ros2_ws/src/install/arm2/share/ament_index/resource_index/parent_prefix_path/arm2
[0.814s] -- Up-to-date: /home/rosdev/ros2_ws/src/install/arm2/share/arm2/environment/ament_prefix_path.sh
[0.846s] -- Up-to-date: /home/rosdev/ros2_ws/src/install/arm2/share/arm2/environment/ament_prefix_path.dsv
[0.870s] -- Up-to-date: /home/rosdev/ros2_ws/src/install/arm2/share/arm2/environment/path.sh
[0.890s] -- Up-to-date: /home/rosdev/ros2_ws/src/install/arm2/share/arm2/environment/path.dsv
[0.912s] -- Up-to-date: /home/rosdev/ros2_ws/src/install/arm2/share/arm2/local_setup.bash
[0.933s] -- Up-to-date: /home/rosdev/ros2_ws/src/install/arm2/share/arm2/local_setup.sh
[0.952s] -- Up-to-date: /home/rosdev/ros2_ws/src/install/arm2/share/arm2/local_setup.zsh
[0.970s] -- Up-to-date: /home/rosdev/ros2_ws/src/install/arm2/share/arm2/local_setup.dsv
[0.989s] -- Installing: /home/rosdev/ros2_ws/src/install/arm2/share/arm2/package.dsv
[1.071s] -- Up-to-date: /home/rosdev/ros2_ws/src/install/arm2/share/ament_index/resource_index/packages/arm2
[1.093s] -- Up-to-date: /home/rosdev/ros2_ws/src/install/arm2/share/arm2/cmake/arm2Config.cmake
[1.111s] -- Up-to-date: /home/rosdev/ros2_ws/src/install/arm2/share/arm2/cmake/arm2Config-version.cmake
[1.132s] -- Up-to-date: /home/rosdev/ros2_ws/src/install/arm2/share/arm2/package.xml
[1.155s] Invoked command in '/home/rosdev/ros2_ws/src/build/arm2' returned '0': CMAKE_PREFIX_PATH=${CMAKE_PREFIX_PATH}:/opt/ros/humble /usr/bin/cmake --install /home/rosdev/ros2_ws/src/build/arm2
