-- Install configuration: ""
-- Execute custom install script
-- Up-to-date symlink: /home/rosdev/ros2_ws/src/Rover/install/rover/share/rover/config/empty.yaml
-- Up-to-date symlink: /home/rosdev/ros2_ws/src/Rover/install/rover/share/rover/description/README.md
-- Up-to-date symlink: /home/rosdev/ros2_ws/src/Rover/install/rover/share/rover/description/robot.urdf.xacro
-- Up-to-date symlink: /home/rosdev/ros2_ws/src/Rover/install/rover/share/rover/description/rover_buggy.xacro
-- Up-to-date symlink: /home/rosdev/ros2_ws/src/Rover/install/rover/share/rover/launch/rsp.launch.py
-- Up-to-date symlink: /home/rosdev/ros2_ws/src/Rover/install/rover/share/rover/worlds/empty.world
-- Up-to-date symlink: /home/rosdev/ros2_ws/src/Rover/install/rover/share/ament_index/resource_index/package_run_dependencies/rover
-- Up-to-date symlink: /home/rosdev/ros2_ws/src/Rover/install/rover/share/ament_index/resource_index/parent_prefix_path/rover
-- Up-to-date symlink: /home/rosdev/ros2_ws/src/Rover/install/rover/share/rover/environment/ament_prefix_path.sh
-- Up-to-date symlink: /home/rosdev/ros2_ws/src/Rover/install/rover/share/rover/environment/ament_prefix_path.dsv
-- Up-to-date symlink: /home/rosdev/ros2_ws/src/Rover/install/rover/share/rover/environment/path.sh
-- Up-to-date symlink: /home/rosdev/ros2_ws/src/Rover/install/rover/share/rover/environment/path.dsv
-- Up-to-date symlink: /home/rosdev/ros2_ws/src/Rover/install/rover/share/rover/local_setup.bash
-- Up-to-date symlink: /home/rosdev/ros2_ws/src/Rover/install/rover/share/rover/local_setup.sh
-- Up-to-date symlink: /home/rosdev/ros2_ws/src/Rover/install/rover/share/rover/local_setup.zsh
-- Up-to-date symlink: /home/rosdev/ros2_ws/src/Rover/install/rover/share/rover/local_setup.dsv
-- Symlinking: /home/rosdev/ros2_ws/src/Rover/install/rover/share/rover/package.dsv
-- Up-to-date symlink: /home/rosdev/ros2_ws/src/Rover/install/rover/share/ament_index/resource_index/packages/rover
-- Up-to-date symlink: /home/rosdev/ros2_ws/src/Rover/install/rover/share/rover/cmake/roverConfig.cmake
-- Up-to-date symlink: /home/rosdev/ros2_ws/src/Rover/install/rover/share/rover/cmake/roverConfig-version.cmake
-- Up-to-date symlink: /home/rosdev/ros2_ws/src/Rover/install/rover/share/rover/package.xml
