[0.190s] Invoking command in '/home/rosdev/ros2_ws/src/Rover/build/rover': CMAKE_PREFIX_PATH=${CMAKE_PREFIX_PATH}:/opt/ros/humble /usr/bin/cmake --build /home/rosdev/ros2_ws/src/Rover/build/rover -- -j16 -l16
[0.255s] Invoked command in '/home/rosdev/ros2_ws/src/Rover/build/rover' returned '0': CMAKE_PREFIX_PATH=${CMAKE_PREFIX_PATH}:/opt/ros/humble /usr/bin/cmake --build /home/rosdev/ros2_ws/src/Rover/build/rover -- -j16 -l16
[0.298s] Invoking command in '/home/rosdev/ros2_ws/src/Rover/build/rover': CMAKE_PREFIX_PATH=${CMAKE_PREFIX_PATH}:/opt/ros/humble /usr/bin/cmake --install /home/rosdev/ros2_ws/src/Rover/build/rover
[0.307s] -- Install configuration: ""
[0.319s] -- Execute custom install script
[0.347s] -- Up-to-date symlink: /home/rosdev/ros2_ws/src/Rover/install/rover/share/rover/config/empty.yaml
[0.379s] -- Up-to-date symlink: /home/rosdev/ros2_ws/src/Rover/install/rover/share/rover/description/README.md
[0.403s] -- Up-to-date symlink: /home/rosdev/ros2_ws/src/Rover/install/rover/share/rover/description/robot.urdf.xacro
[0.427s] -- Up-to-date symlink: /home/rosdev/ros2_ws/src/Rover/install/rover/share/rover/description/rover_buggy.xacro
[0.454s] -- Up-to-date symlink: /home/rosdev/ros2_ws/src/Rover/install/rover/share/rover/launch/rsp.launch.py
[0.485s] -- Up-to-date symlink: /home/rosdev/ros2_ws/src/Rover/install/rover/share/rover/worlds/empty.world
[0.529s] -- Up-to-date symlink: /home/rosdev/ros2_ws/src/Rover/install/rover/share/ament_index/resource_index/package_run_dependencies/rover
[0.576s] -- Up-to-date symlink: /home/rosdev/ros2_ws/src/Rover/install/rover/share/ament_index/resource_index/parent_prefix_path/rover
[0.597s] -- Up-to-date symlink: /home/rosdev/ros2_ws/src/Rover/install/rover/share/rover/environment/ament_prefix_path.sh
[0.626s] -- Up-to-date symlink: /home/rosdev/ros2_ws/src/Rover/install/rover/share/rover/environment/ament_prefix_path.dsv
[0.649s] -- Up-to-date symlink: /home/rosdev/ros2_ws/src/Rover/install/rover/share/rover/environment/path.sh
[0.679s] -- Up-to-date symlink: /home/rosdev/ros2_ws/src/Rover/install/rover/share/rover/environment/path.dsv
[0.702s] -- Up-to-date symlink: /home/rosdev/ros2_ws/src/Rover/install/rover/share/rover/local_setup.bash
[0.724s] -- Up-to-date symlink: /home/rosdev/ros2_ws/src/Rover/install/rover/share/rover/local_setup.sh
[0.750s] -- Up-to-date symlink: /home/rosdev/ros2_ws/src/Rover/install/rover/share/rover/local_setup.zsh
[0.772s] -- Up-to-date symlink: /home/rosdev/ros2_ws/src/Rover/install/rover/share/rover/local_setup.dsv
[0.787s] -- Symlinking: /home/rosdev/ros2_ws/src/Rover/install/rover/share/rover/package.dsv
[0.867s] -- Up-to-date symlink: /home/rosdev/ros2_ws/src/Rover/install/rover/share/ament_index/resource_index/packages/rover
[0.894s] -- Up-to-date symlink: /home/rosdev/ros2_ws/src/Rover/install/rover/share/rover/cmake/roverConfig.cmake
[0.919s] -- Up-to-date symlink: /home/rosdev/ros2_ws/src/Rover/install/rover/share/rover/cmake/roverConfig-version.cmake
[0.939s] -- Up-to-date symlink: /home/rosdev/ros2_ws/src/Rover/install/rover/share/rover/package.xml
[0.945s] Invoked command in '/home/rosdev/ros2_ws/src/Rover/build/rover' returned '0': CMAKE_PREFIX_PATH=${CMAKE_PREFIX_PATH}:/opt/ros/humble /usr/bin/cmake --install /home/rosdev/ros2_ws/src/Rover/build/rover
