[0.065s] Invoking command in '/home/rosdev/ros2_ws/src/build/arm2': CMAKE_PREFIX_PATH=/opt/ros/humble /usr/bin/cmake /home/rosdev/ros2_ws/src/arm2 -DCMAKE_INSTALL_PREFIX=/home/rosdev/ros2_ws/src/install/arm2
[0.403s] -- The C compiler identification is GNU 11.4.0
[0.682s] -- The CXX compiler identification is GNU 11.4.0
[0.742s] -- Detecting C compiler ABI info
[1.311s] -- Detecting C compiler ABI info - done
[1.339s] -- Check for working C compiler: /usr/bin/cc - skipped
[1.340s] -- Detecting C compile features
[1.341s] -- Detecting C compile features - done
[1.395s] -- Detecting CXX compiler ABI info
[1.908s] -- Detecting CXX compiler ABI info - done
[1.956s] -- Check for working CXX compiler: /usr/bin/c++ - skipped
[1.958s] -- Detecting CXX compile features
[1.962s] -- Detecting CXX compile features - done
[2.055s] -- Found ament_cmake: 1.3.7 (/opt/ros/humble/share/ament_cmake/cmake)
[2.172s] -- Found Python3: /usr/bin/python3.10 (found version "3.10.12") found components: Interpreter 
[2.745s] -- Configuring done
[3.000s] -- Generating done
[3.059s] -- Build files have been written to: /home/rosdev/ros2_ws/src/build/arm2
[3.063s] Invoked command in '/home/rosdev/ros2_ws/src/build/arm2' returned '0': CMAKE_PREFIX_PATH=/opt/ros/humble /usr/bin/cmake /home/rosdev/ros2_ws/src/arm2 -DCMAKE_INSTALL_PREFIX=/home/rosdev/ros2_ws/src/install/arm2
[3.073s] Invoking command in '/home/rosdev/ros2_ws/src/build/arm2': CMAKE_PREFIX_PATH=/opt/ros/humble /usr/bin/cmake --build /home/rosdev/ros2_ws/src/build/arm2 -- -j16 -l16
[3.156s] Invoked command in '/home/rosdev/ros2_ws/src/build/arm2' returned '0': CMAKE_PREFIX_PATH=/opt/ros/humble /usr/bin/cmake --build /home/rosdev/ros2_ws/src/build/arm2 -- -j16 -l16
[3.196s] Invoking command in '/home/rosdev/ros2_ws/src/build/arm2': CMAKE_PREFIX_PATH=/opt/ros/humble /usr/bin/cmake --install /home/rosdev/ros2_ws/src/build/arm2
[3.203s] -- Install configuration: ""
[3.207s] -- Installing: /home/rosdev/ros2_ws/src/install/arm2/share/arm2//config
[3.237s] -- Installing: /home/rosdev/ros2_ws/src/install/arm2/share/arm2//config/joint_names_assem2.yaml
[3.293s] -- Installing: /home/rosdev/ros2_ws/src/install/arm2/share/arm2//launch
[3.320s] -- Installing: /home/rosdev/ros2_ws/src/install/arm2/share/arm2//launch/display.launch
[3.385s] -- Installing: /home/rosdev/ros2_ws/src/install/arm2/share/arm2//launch/gazebo.launch
[3.452s] -- Installing: /home/rosdev/ros2_ws/src/install/arm2/share/arm2//meshes
[3.478s] -- Installing: /home/rosdev/ros2_ws/src/install/arm2/share/arm2//meshes/base_link.STL
[3.544s] -- Installing: /home/rosdev/ros2_ws/src/install/arm2/share/arm2//meshes/link1.STL
[3.613s] -- Installing: /home/rosdev/ros2_ws/src/install/arm2/share/arm2//meshes/link2.STL
[3.679s] -- Installing: /home/rosdev/ros2_ws/src/install/arm2/share/arm2//meshes/link3.STL
[3.757s] -- Installing: /home/rosdev/ros2_ws/src/install/arm2/share/arm2//meshes/link4.STL
[3.822s] -- Installing: /home/rosdev/ros2_ws/src/install/arm2/share/arm2//meshes/link5.STL
[3.885s] -- Installing: /home/rosdev/ros2_ws/src/install/arm2/share/arm2//meshes/link6.STL
[3.946s] -- Installing: /home/rosdev/ros2_ws/src/install/arm2/share/arm2//meshes/link7.STL
[4.013s] -- Installing: /home/rosdev/ros2_ws/src/install/arm2/share/arm2//urdf
[4.045s] -- Installing: /home/rosdev/ros2_ws/src/install/arm2/share/arm2//urdf/assem2.csv
[4.109s] -- Installing: /home/rosdev/ros2_ws/src/install/arm2/share/arm2//urdf/assem2.urdf
[4.166s] [31mCMake Error at cmake_install.cmake:46 (file):
[4.167s]   file INSTALL cannot find "/home/rosdev/ros2_ws/src/arm2/textures": No such
[4.168s]   file or directory.
[4.168s] 
[4.169s] [0m
[4.170s] Invoked command in '/home/rosdev/ros2_ws/src/build/arm2' returned '1': CMAKE_PREFIX_PATH=/opt/ros/humble /usr/bin/cmake --install /home/rosdev/ros2_ws/src/build/arm2
