[0.096s] Invoking command in '/home/rosdev/ros2_ws/src/Rover/build/rover': CMAKE_PREFIX_PATH=/opt/ros/humble /usr/bin/cmake /home/rosdev/ros2_ws/src/Rover -DCMAKE_INSTALL_PREFIX=/home/rosdev/ros2_ws/src/Rover/install/rover
[0.421s] -- The C compiler identification is GNU 11.4.0
[0.722s] -- The CXX compiler identification is GNU 11.4.0
[0.798s] -- Detecting C compiler ABI info
[1.578s] -- Detecting C compiler ABI info - done
[1.626s] -- Check for working C compiler: /usr/bin/cc - skipped
[1.635s] -- Detecting C compile features
[1.637s] -- Detecting C compile features - done
[1.723s] -- Detecting CXX compiler ABI info
[2.451s] -- Detecting CXX compiler ABI info - done
[2.486s] -- Check for working CXX compiler: /usr/bin/c++ - skipped
[2.497s] -- Detecting CXX compile features
[2.499s] -- Detecting CXX compile features - done
[2.589s] -- Found ament_cmake: 1.3.7 (/opt/ros/humble/share/ament_cmake/cmake)
[2.749s] -- Found Python3: /usr/bin/python3.10 (found version "3.10.12") found components: Interpreter 
[3.034s] -- Found ament_lint_auto: 0.12.10 (/opt/ros/humble/share/ament_lint_auto/cmake)
[3.212s] [31mCMake Error at /opt/ros/humble/share/ament_cmake_core/cmake/core/ament_package_xml.cmake:53 (message):
[3.214s]   ament_package_xml() package name 'rover' in '/package.xml' does not match
[3.215s]   current PROJECT_NAME 'articubot_one'.  You must call project() with the
[3.216s]   same package name before.
[3.218s] Call Stack (most recent call first):
[3.219s]   /opt/ros/humble/share/ament_lint_auto/cmake/ament_lint_auto_find_test_dependencies.cmake:31 (ament_package_xml)
[3.220s]   CMakeLists.txt:32 (ament_lint_auto_find_test_dependencies)
[3.222s] 
[3.223s] [0m
[3.223s] -- Configuring incomplete, errors occurred!
[3.224s] See also "/home/rosdev/ros2_ws/src/Rover/build/rover/CMakeFiles/CMakeOutput.log".
[3.241s] Invoked command in '/home/rosdev/ros2_ws/src/Rover/build/rover' returned '1': CMAKE_PREFIX_PATH=/opt/ros/humble /usr/bin/cmake /home/rosdev/ros2_ws/src/Rover -DCMAKE_INSTALL_PREFIX=/home/rosdev/ros2_ws/src/Rover/install/rover
