[0.081s] Invoking command in '/home/rosdev/ros2_ws/src/build/arm2': CMAKE_PREFIX_PATH=/opt/ros/humble /usr/bin/cmake --build /home/rosdev/ros2_ws/src/build/arm2 -- -j16 -l16
[0.177s] -- Found ament_cmake: 1.3.7 (/opt/ros/humble/share/ament_cmake/cmake)
[0.632s] -- Configuring done
[0.880s] -- Generating done
[0.939s] -- Build files have been written to: /home/rosdev/ros2_ws/src/build/arm2
[0.960s] Invoked command in '/home/rosdev/ros2_ws/src/build/arm2' returned '0': CMAKE_PREFIX_PATH=/opt/ros/humble /usr/bin/cmake --build /home/rosdev/ros2_ws/src/build/arm2 -- -j16 -l16
[0.998s] Invoking command in '/home/rosdev/ros2_ws/src/build/arm2': CMAKE_PREFIX_PATH=/opt/ros/humble /usr/bin/cmake --install /home/rosdev/ros2_ws/src/build/arm2
[1.004s] -- Install configuration: ""
[1.016s] -- Up-to-date: /home/rosdev/ros2_ws/src/install/arm2/share/arm2//config
[1.037s] -- Up-to-date: /home/rosdev/ros2_ws/src/install/arm2/share/arm2//config/joint_names_assem2.yaml
[1.051s] -- Up-to-date: /home/rosdev/ros2_ws/src/install/arm2/share/arm2//launch
[1.071s] -- Up-to-date: /home/rosdev/ros2_ws/src/install/arm2/share/arm2//launch/display.launch
[1.088s] -- Up-to-date: /home/rosdev/ros2_ws/src/install/arm2/share/arm2//launch/gazebo.launch
[1.098s] -- Up-to-date: /home/rosdev/ros2_ws/src/install/arm2/share/arm2//meshes
[1.124s] -- Up-to-date: /home/rosdev/ros2_ws/src/install/arm2/share/arm2//meshes/base_link.STL
[1.140s] -- Up-to-date: /home/rosdev/ros2_ws/src/install/arm2/share/arm2//meshes/link1.STL
[1.156s] -- Up-to-date: /home/rosdev/ros2_ws/src/install/arm2/share/arm2//meshes/link2.STL
[1.172s] -- Up-to-date: /home/rosdev/ros2_ws/src/install/arm2/share/arm2//meshes/link3.STL
[1.188s] -- Up-to-date: /home/rosdev/ros2_ws/src/install/arm2/share/arm2//meshes/link4.STL
[1.205s] -- Up-to-date: /home/rosdev/ros2_ws/src/install/arm2/share/arm2//meshes/link5.STL
[1.225s] -- Up-to-date: /home/rosdev/ros2_ws/src/install/arm2/share/arm2//meshes/link6.STL
[1.242s] -- Up-to-date: /home/rosdev/ros2_ws/src/install/arm2/share/arm2//meshes/link7.STL
[1.259s] -- Up-to-date: /home/rosdev/ros2_ws/src/install/arm2/share/arm2//urdf
[1.282s] -- Up-to-date: /home/rosdev/ros2_ws/src/install/arm2/share/arm2//urdf/assem2.csv
[1.300s] -- Up-to-date: /home/rosdev/ros2_ws/src/install/arm2/share/arm2//urdf/assem2.urdf
[1.341s] -- Installing: /home/rosdev/ros2_ws/src/install/arm2/share/ament_index/resource_index/package_run_dependencies/arm2
[1.440s] -- Installing: /home/rosdev/ros2_ws/src/install/arm2/share/ament_index/resource_index/parent_prefix_path/arm2
[1.525s] -- Installing: /home/rosdev/ros2_ws/src/install/arm2/share/arm2/environment/ament_prefix_path.sh
[1.582s] -- Installing: /home/rosdev/ros2_ws/src/install/arm2/share/arm2/environment/ament_prefix_path.dsv
[1.649s] -- Installing: /home/rosdev/ros2_ws/src/install/arm2/share/arm2/environment/path.sh
[1.705s] -- Installing: /home/rosdev/ros2_ws/src/install/arm2/share/arm2/environment/path.dsv
[1.779s] -- Installing: /home/rosdev/ros2_ws/src/install/arm2/share/arm2/local_setup.bash
[1.842s] -- Installing: /home/rosdev/ros2_ws/src/install/arm2/share/arm2/local_setup.sh
[1.894s] -- Installing: /home/rosdev/ros2_ws/src/install/arm2/share/arm2/local_setup.zsh
[1.950s] -- Installing: /home/rosdev/ros2_ws/src/install/arm2/share/arm2/local_setup.dsv
[2.006s] -- Installing: /home/rosdev/ros2_ws/src/install/arm2/share/arm2/package.dsv
[2.085s] -- Installing: /home/rosdev/ros2_ws/src/install/arm2/share/ament_index/resource_index/packages/arm2
[2.172s] -- Installing: /home/rosdev/ros2_ws/src/install/arm2/share/arm2/cmake/arm2Config.cmake
[2.231s] -- Installing: /home/rosdev/ros2_ws/src/install/arm2/share/arm2/cmake/arm2Config-version.cmake
[2.293s] -- Installing: /home/rosdev/ros2_ws/src/install/arm2/share/arm2/package.xml
[2.345s] Invoked command in '/home/rosdev/ros2_ws/src/build/arm2' returned '0': CMAKE_PREFIX_PATH=/opt/ros/humble /usr/bin/cmake --install /home/rosdev/ros2_ws/src/build/arm2
