[0.803s] DEBUG:colcon:Command line arguments: ['/usr/bin/colcon', 'build', '--symlink-install']
[0.803s] DEBUG:colcon:Parsed command line arguments: Namespace(log_base=None, log_level=None, verb_name='build', build_base='build', install_base='install', merge_install=False, symlink_install=True, test_result_base=None, continue_on_error=False, executor='parallel', parallel_workers=16, event_handlers=None, ignore_user_meta=False, metas=['./colcon.meta'], base_paths=['.'], packages_ignore=None, packages_ignore_regex=None, paths=None, packages_up_to=None, packages_up_to_regex=None, packages_above=None, packages_above_and_dependencies=None, packages_above_depth=None, packages_select_by_dep=None, packages_skip_by_dep=None, packages_skip_up_to=None, packages_select_build_failed=False, packages_skip_build_finished=False, packages_select_test_failures=False, packages_skip_test_passed=False, packages_select=None, packages_skip=None, packages_select_regex=None, packages_skip_regex=None, packages_start=None, packages_end=None, cmake_args=None, cmake_target=None, cmake_target_skip_unavailable=False, cmake_clean_cache=False, cmake_clean_first=False, cmake_force_configure=False, ament_cmake_args=None, catkin_cmake_args=None, catkin_skip_building_tests=False, mixin_files=None, mixin=None, verb_parser=<colcon_mixin.mixin.mixin_argument.MixinArgumentDecorator object at 0x7f5986889c60>, verb_extension=<colcon_core.verb.build.BuildVerb object at 0x7f59867da8f0>, main=<bound method BuildVerb.main of <colcon_core.verb.build.BuildVerb object at 0x7f59867da8f0>>, mixin_verb=('build',))
[0.872s] Level 1:colcon.colcon_core.package_discovery:discover_packages(colcon_meta) check parameters
[0.874s] Level 1:colcon.colcon_core.package_discovery:discover_packages(recursive) check parameters
[0.874s] Level 1:colcon.colcon_core.package_discovery:discover_packages(ignore) check parameters
[0.875s] Level 1:colcon.colcon_core.package_discovery:discover_packages(path) check parameters
[0.876s] Level 1:colcon.colcon_core.package_discovery:discover_packages(colcon_meta) discover
[0.876s] Level 1:colcon.colcon_core.package_discovery:discover_packages(recursive) discover
[0.877s] INFO:colcon.colcon_core.package_discovery:Crawling recursively for packages in '/home/rosdev/ros2_ws/src/Rover'
[0.882s] Level 1:colcon.colcon_core.package_identification:_identify(.) by extensions ['ignore', 'ignore_ament_install']
[0.882s] Level 1:colcon.colcon_core.package_identification:_identify(.) by extension 'ignore'
[0.883s] Level 1:colcon.colcon_core.package_identification:_identify(.) by extension 'ignore_ament_install'
[0.885s] Level 1:colcon.colcon_core.package_identification:_identify(.) by extensions ['colcon_pkg']
[0.886s] Level 1:colcon.colcon_core.package_identification:_identify(.) by extension 'colcon_pkg'
[0.887s] Level 1:colcon.colcon_core.package_identification:_identify(.) by extensions ['colcon_meta']
[0.887s] Level 1:colcon.colcon_core.package_identification:_identify(.) by extension 'colcon_meta'
[0.888s] Level 1:colcon.colcon_core.package_identification:_identify(.) by extensions ['ros']
[0.888s] Level 1:colcon.colcon_core.package_identification:_identify(.) by extension 'ros'
[0.914s] DEBUG:colcon.colcon_core.package_identification:Package '.' with type 'ros.ament_cmake' and name 'rover'
[0.915s] Level 1:colcon.colcon_core.package_discovery:discover_packages(recursive) using defaults
[0.916s] Level 1:colcon.colcon_core.package_discovery:discover_packages(ignore) discover
[0.917s] Level 1:colcon.colcon_core.package_discovery:discover_packages(ignore) using defaults
[0.917s] Level 1:colcon.colcon_core.package_discovery:discover_packages(path) discover
[0.918s] Level 1:colcon.colcon_core.package_discovery:discover_packages(path) using defaults
[0.968s] Level 5:colcon.colcon_core.verb:set package 'rover' build argument 'cmake_args' from command line to 'None'
[0.969s] Level 5:colcon.colcon_core.verb:set package 'rover' build argument 'cmake_target' from command line to 'None'
[0.970s] Level 5:colcon.colcon_core.verb:set package 'rover' build argument 'cmake_target_skip_unavailable' from command line to 'False'
[0.970s] Level 5:colcon.colcon_core.verb:set package 'rover' build argument 'cmake_clean_cache' from command line to 'False'
[0.971s] Level 5:colcon.colcon_core.verb:set package 'rover' build argument 'cmake_clean_first' from command line to 'False'
[0.971s] Level 5:colcon.colcon_core.verb:set package 'rover' build argument 'cmake_force_configure' from command line to 'False'
[0.972s] Level 5:colcon.colcon_core.verb:set package 'rover' build argument 'ament_cmake_args' from command line to 'None'
[0.972s] Level 5:colcon.colcon_core.verb:set package 'rover' build argument 'catkin_cmake_args' from command line to 'None'
[0.973s] Level 5:colcon.colcon_core.verb:set package 'rover' build argument 'catkin_skip_building_tests' from command line to 'False'
[0.973s] DEBUG:colcon.colcon_core.verb:Building package 'rover' with the following arguments: {'ament_cmake_args': None, 'build_base': '/home/rosdev/ros2_ws/src/Rover/build/rover', 'catkin_cmake_args': None, 'catkin_skip_building_tests': False, 'cmake_args': None, 'cmake_clean_cache': False, 'cmake_clean_first': False, 'cmake_force_configure': False, 'cmake_target': None, 'cmake_target_skip_unavailable': False, 'install_base': '/home/rosdev/ros2_ws/src/Rover/install/rover', 'merge_install': False, 'path': '/home/rosdev/ros2_ws/src/Rover', 'symlink_install': True, 'test_result_base': None}
[0.981s] INFO:colcon.colcon_core.executor:Executing jobs using 'parallel' executor
[0.991s] DEBUG:colcon.colcon_parallel_executor.executor.parallel:run_until_complete
[0.992s] INFO:colcon.colcon_ros.task.ament_cmake.build:Building ROS package in '/home/rosdev/ros2_ws/src/Rover' with build type 'ament_cmake'
[0.993s] INFO:colcon.colcon_cmake.task.cmake.build:Building CMake package in '/home/rosdev/ros2_ws/src/Rover'
[1.007s] INFO:colcon.colcon_core.plugin_system:Skipping extension 'colcon_core.shell.bat': Not used on non-Windows systems
[1.008s] INFO:colcon.colcon_core.shell:Skip shell extension 'powershell' for command environment: Not usable outside of PowerShell
[1.009s] DEBUG:colcon.colcon_core.shell:Skip shell extension 'dsv' for command environment
[1.215s] DEBUG:colcon.colcon_core.event_handler.log_command:Invoking command in '/home/rosdev/ros2_ws/src/Rover/build/rover': CMAKE_PREFIX_PATH=${CMAKE_PREFIX_PATH}:/opt/ros/humble /usr/bin/cmake /home/rosdev/ros2_ws/src/Rover -DAMENT_CMAKE_SYMLINK_INSTALL=1 -DCMAKE_INSTALL_PREFIX=/home/rosdev/ros2_ws/src/Rover/install/rover
[38.839s] DEBUG:colcon.colcon_core.event_handler.log_command:Invoked command in '/home/rosdev/ros2_ws/src/Rover/build/rover' returned '0': CMAKE_PREFIX_PATH=${CMAKE_PREFIX_PATH}:/opt/ros/humble /usr/bin/cmake /home/rosdev/ros2_ws/src/Rover -DAMENT_CMAKE_SYMLINK_INSTALL=1 -DCMAKE_INSTALL_PREFIX=/home/rosdev/ros2_ws/src/Rover/install/rover
[38.854s] DEBUG:colcon.colcon_core.event_handler.log_command:Invoking command in '/home/rosdev/ros2_ws/src/Rover/build/rover': CMAKE_PREFIX_PATH=${CMAKE_PREFIX_PATH}:/opt/ros/humble /usr/bin/cmake --build /home/rosdev/ros2_ws/src/Rover/build/rover -- -j16 -l16
[38.990s] DEBUG:colcon.colcon_core.event_handler.log_command:Invoked command in '/home/rosdev/ros2_ws/src/Rover/build/rover' returned '0': CMAKE_PREFIX_PATH=${CMAKE_PREFIX_PATH}:/opt/ros/humble /usr/bin/cmake --build /home/rosdev/ros2_ws/src/Rover/build/rover -- -j16 -l16
[39.065s] DEBUG:colcon.colcon_core.event_handler.log_command:Invoking command in '/home/rosdev/ros2_ws/src/Rover/build/rover': CMAKE_PREFIX_PATH=${CMAKE_PREFIX_PATH}:/opt/ros/humble /usr/bin/cmake --install /home/rosdev/ros2_ws/src/Rover/build/rover
[40.703s] Level 1:colcon.colcon_core.environment:create_environment_scripts_only(rover)
[40.705s] DEBUG:colcon.colcon_core.event_handler.log_command:Invoked command in '/home/rosdev/ros2_ws/src/Rover/build/rover' returned '0': CMAKE_PREFIX_PATH=${CMAKE_PREFIX_PATH}:/opt/ros/humble /usr/bin/cmake --install /home/rosdev/ros2_ws/src/Rover/build/rover
[40.716s] Level 1:colcon.colcon_core.environment:checking '/home/rosdev/ros2_ws/src/Rover/install/rover' for CMake module files
[40.887s] Level 1:colcon.colcon_core.environment:checking '/home/rosdev/ros2_ws/src/Rover/install/rover' for CMake config files
[41.035s] Level 1:colcon.colcon_core.shell:create_environment_hook('rover', 'cmake_prefix_path')
[41.045s] INFO:colcon.colcon_core.shell:Creating environment hook '/home/rosdev/ros2_ws/src/Rover/install/rover/share/rover/hook/cmake_prefix_path.ps1'
[41.081s] INFO:colcon.colcon_core.shell:Creating environment descriptor '/home/rosdev/ros2_ws/src/Rover/install/rover/share/rover/hook/cmake_prefix_path.dsv'
[41.110s] INFO:colcon.colcon_core.shell:Creating environment hook '/home/rosdev/ros2_ws/src/Rover/install/rover/share/rover/hook/cmake_prefix_path.sh'
[41.138s] Level 1:colcon.colcon_core.environment:checking '/home/rosdev/ros2_ws/src/Rover/install/rover/bin'
[41.140s] Level 1:colcon.colcon_core.environment:checking '/home/rosdev/ros2_ws/src/Rover/install/rover/lib/pkgconfig/rover.pc'
[41.143s] Level 1:colcon.colcon_core.environment:checking '/home/rosdev/ros2_ws/src/Rover/install/rover/lib/python3.10/site-packages'
[41.145s] Level 1:colcon.colcon_core.environment:checking '/home/rosdev/ros2_ws/src/Rover/install/rover/bin'
[41.155s] INFO:colcon.colcon_core.shell:Creating package script '/home/rosdev/ros2_ws/src/Rover/install/rover/share/rover/package.ps1'
[41.180s] INFO:colcon.colcon_core.shell:Creating package descriptor '/home/rosdev/ros2_ws/src/Rover/install/rover/share/rover/package.dsv'
[41.214s] INFO:colcon.colcon_core.shell:Creating package script '/home/rosdev/ros2_ws/src/Rover/install/rover/share/rover/package.sh'
[41.238s] INFO:colcon.colcon_core.shell:Creating package script '/home/rosdev/ros2_ws/src/Rover/install/rover/share/rover/package.bash'
[41.258s] INFO:colcon.colcon_core.shell:Creating package script '/home/rosdev/ros2_ws/src/Rover/install/rover/share/rover/package.zsh'
[41.273s] Level 1:colcon.colcon_core.environment:create_file_with_runtime_dependencies(/home/rosdev/ros2_ws/src/Rover/install/rover/share/colcon-core/packages/rover)
[41.336s] Level 1:colcon.colcon_core.environment:create_environment_scripts_only(rover)
[41.345s] Level 1:colcon.colcon_core.environment:checking '/home/rosdev/ros2_ws/src/Rover/install/rover' for CMake module files
[41.502s] Level 1:colcon.colcon_core.environment:checking '/home/rosdev/ros2_ws/src/Rover/install/rover' for CMake config files
[41.626s] Level 1:colcon.colcon_core.shell:create_environment_hook('rover', 'cmake_prefix_path')
[41.637s] INFO:colcon.colcon_core.shell:Creating environment hook '/home/rosdev/ros2_ws/src/Rover/install/rover/share/rover/hook/cmake_prefix_path.ps1'
[41.655s] INFO:colcon.colcon_core.shell:Creating environment descriptor '/home/rosdev/ros2_ws/src/Rover/install/rover/share/rover/hook/cmake_prefix_path.dsv'
[41.672s] INFO:colcon.colcon_core.shell:Creating environment hook '/home/rosdev/ros2_ws/src/Rover/install/rover/share/rover/hook/cmake_prefix_path.sh'
[41.690s] Level 1:colcon.colcon_core.environment:checking '/home/rosdev/ros2_ws/src/Rover/install/rover/bin'
[41.692s] Level 1:colcon.colcon_core.environment:checking '/home/rosdev/ros2_ws/src/Rover/install/rover/lib/pkgconfig/rover.pc'
[41.693s] Level 1:colcon.colcon_core.environment:checking '/home/rosdev/ros2_ws/src/Rover/install/rover/lib/python3.10/site-packages'
[41.695s] Level 1:colcon.colcon_core.environment:checking '/home/rosdev/ros2_ws/src/Rover/install/rover/bin'
[41.705s] INFO:colcon.colcon_core.shell:Creating package script '/home/rosdev/ros2_ws/src/Rover/install/rover/share/rover/package.ps1'
[41.721s] INFO:colcon.colcon_core.shell:Creating package descriptor '/home/rosdev/ros2_ws/src/Rover/install/rover/share/rover/package.dsv'
[41.738s] INFO:colcon.colcon_core.shell:Creating package script '/home/rosdev/ros2_ws/src/Rover/install/rover/share/rover/package.sh'
[41.753s] INFO:colcon.colcon_core.shell:Creating package script '/home/rosdev/ros2_ws/src/Rover/install/rover/share/rover/package.bash'
[41.770s] INFO:colcon.colcon_core.shell:Creating package script '/home/rosdev/ros2_ws/src/Rover/install/rover/share/rover/package.zsh'
[41.792s] Level 1:colcon.colcon_core.environment:create_file_with_runtime_dependencies(/home/rosdev/ros2_ws/src/Rover/install/rover/share/colcon-core/packages/rover)
[41.803s] DEBUG:colcon.colcon_parallel_executor.executor.parallel:closing loop
[41.803s] DEBUG:colcon.colcon_parallel_executor.executor.parallel:loop closed
[41.804s] DEBUG:colcon.colcon_parallel_executor.executor.parallel:run_until_complete finished with '0'
[41.804s] DEBUG:colcon.colcon_core.event_reactor:joining thread
[41.831s] INFO:colcon.colcon_core.plugin_system:Skipping extension 'colcon_notification.desktop_notification.notify_send': Could not find 'notify-send'
[41.832s] INFO:colcon.colcon_core.plugin_system:Skipping extension 'colcon_notification.desktop_notification.terminal_notifier': Not used on non-Darwin systems
[41.832s] INFO:colcon.colcon_core.plugin_system:Skipping extension 'colcon_notification.desktop_notification.win32': Not used on non-Windows systems
[41.833s] INFO:colcon.colcon_notification.desktop_notification:Sending desktop notification using 'notify2'
[41.835s] DEBUG:colcon.colcon_notification.desktop_notification.notify2:Failed to initialize notify2: org.freedesktop.DBus.Error.Spawn.ExecFailed: /usr/bin/dbus-launch terminated abnormally without any error message
[41.836s] DEBUG:colcon.colcon_core.event_reactor:joined thread
[41.846s] INFO:colcon.colcon_core.shell:Creating prefix script '/home/rosdev/ros2_ws/src/Rover/install/local_setup.ps1'
[41.858s] INFO:colcon.colcon_core.shell:Creating prefix util module '/home/rosdev/ros2_ws/src/Rover/install/_local_setup_util_ps1.py'
[41.869s] INFO:colcon.colcon_core.shell:Creating prefix chain script '/home/rosdev/ros2_ws/src/Rover/install/setup.ps1'
[41.913s] INFO:colcon.colcon_core.shell:Creating prefix script '/home/rosdev/ros2_ws/src/Rover/install/local_setup.sh'
[41.926s] INFO:colcon.colcon_core.shell:Creating prefix util module '/home/rosdev/ros2_ws/src/Rover/install/_local_setup_util_sh.py'
[41.938s] INFO:colcon.colcon_core.shell:Creating prefix chain script '/home/rosdev/ros2_ws/src/Rover/install/setup.sh'
[41.978s] INFO:colcon.colcon_core.shell:Creating prefix script '/home/rosdev/ros2_ws/src/Rover/install/local_setup.bash'
[41.987s] INFO:colcon.colcon_core.shell:Creating prefix chain script '/home/rosdev/ros2_ws/src/Rover/install/setup.bash'
[42.021s] INFO:colcon.colcon_core.shell:Creating prefix script '/home/rosdev/ros2_ws/src/Rover/install/local_setup.zsh'
[42.029s] INFO:colcon.colcon_core.shell:Creating prefix chain script '/home/rosdev/ros2_ws/src/Rover/install/setup.zsh'
