[0.121s] Invoking command in '/home/rosdev/ros2_ws/src/Rover/build/rover': CMAKE_PREFIX_PATH=/opt/ros/humble /usr/bin/cmake --build /home/rosdev/ros2_ws/src/Rover/build/rover -- -j16 -l16
[0.208s] Invoked command in '/home/rosdev/ros2_ws/src/Rover/build/rover' returned '0': CMAKE_PREFIX_PATH=/opt/ros/humble /usr/bin/cmake --build /home/rosdev/ros2_ws/src/Rover/build/rover -- -j16 -l16
[0.257s] Invoking command in '/home/rosdev/ros2_ws/src/Rover/build/rover': CMAKE_PREFIX_PATH=/opt/ros/humble /usr/bin/cmake --install /home/rosdev/ros2_ws/src/Rover/build/rover
[0.266s] -- Install configuration: ""
[0.277s] -- Execute custom install script
[0.307s] -- Up-to-date symlink: /home/rosdev/ros2_ws/src/Rover/install/rover/share/rover/config/empty.yaml
[0.350s] -- Up-to-date symlink: /home/rosdev/ros2_ws/src/Rover/install/rover/share/rover/description/README.md
[0.384s] -- Up-to-date symlink: /home/rosdev/ros2_ws/src/Rover/install/rover/share/rover/description/robot.urdf.xacro
[0.416s] -- Up-to-date symlink: /home/rosdev/ros2_ws/src/Rover/install/rover/share/rover/launch/rsp.launch.py
[0.454s] -- Up-to-date symlink: /home/rosdev/ros2_ws/src/Rover/install/rover/share/rover/worlds/empty.world
[0.505s] -- Up-to-date symlink: /home/rosdev/ros2_ws/src/Rover/install/rover/share/ament_index/resource_index/package_run_dependencies/rover
[0.552s] -- Up-to-date symlink: /home/rosdev/ros2_ws/src/Rover/install/rover/share/ament_index/resource_index/parent_prefix_path/rover
[0.570s] -- Up-to-date symlink: /home/rosdev/ros2_ws/src/Rover/install/rover/share/rover/environment/ament_prefix_path.sh
[0.595s] -- Up-to-date symlink: /home/rosdev/ros2_ws/src/Rover/install/rover/share/rover/environment/ament_prefix_path.dsv
[0.615s] -- Up-to-date symlink: /home/rosdev/ros2_ws/src/Rover/install/rover/share/rover/environment/path.sh
[0.648s] -- Up-to-date symlink: /home/rosdev/ros2_ws/src/Rover/install/rover/share/rover/environment/path.dsv
[0.671s] -- Up-to-date symlink: /home/rosdev/ros2_ws/src/Rover/install/rover/share/rover/local_setup.bash
[0.691s] -- Up-to-date symlink: /home/rosdev/ros2_ws/src/Rover/install/rover/share/rover/local_setup.sh
[0.710s] -- Up-to-date symlink: /home/rosdev/ros2_ws/src/Rover/install/rover/share/rover/local_setup.zsh
[0.729s] -- Up-to-date symlink: /home/rosdev/ros2_ws/src/Rover/install/rover/share/rover/local_setup.dsv
[0.741s] -- Symlinking: /home/rosdev/ros2_ws/src/Rover/install/rover/share/rover/package.dsv
[0.812s] -- Up-to-date symlink: /home/rosdev/ros2_ws/src/Rover/install/rover/share/ament_index/resource_index/packages/rover
[0.834s] -- Up-to-date symlink: /home/rosdev/ros2_ws/src/Rover/install/rover/share/rover/cmake/roverConfig.cmake
[0.856s] -- Up-to-date symlink: /home/rosdev/ros2_ws/src/Rover/install/rover/share/rover/cmake/roverConfig-version.cmake
[0.873s] -- Up-to-date symlink: /home/rosdev/ros2_ws/src/Rover/install/rover/share/rover/package.xml
[0.878s] Invoked command in '/home/rosdev/ros2_ws/src/Rover/build/rover' returned '0': CMAKE_PREFIX_PATH=/opt/ros/humble /usr/bin/cmake --install /home/rosdev/ros2_ws/src/Rover/build/rover
