[0.114s] Invoking command in '/home/rosdev/ros2_ws/src/Rover/build/rover': CMAKE_PREFIX_PATH=/opt/ros/humble /usr/bin/cmake /home/rosdev/ros2_ws/src/Rover -DCMAKE_INSTALL_PREFIX=/home/rosdev/ros2_ws/src/Rover/install/rover
[0.164s] -- Found ament_cmake: 1.3.7 (/opt/ros/humble/share/ament_cmake/cmake)
[0.379s] -- Found ament_lint_auto: 0.12.10 (/opt/ros/humble/share/ament_lint_auto/cmake)
[0.839s] -- Added test 'copyright' to check source files copyright and LICENSE
[4.597s] -- Added test 'cppcheck' to perform static code analysis on C / C++ code
[4.598s] -- Configured cppcheck include dirs: 
[4.599s] -- Configured cppcheck exclude dirs and/or files: 
[8.817s] -- Added test 'cpplint' to check C / C++ code against the Google style
[8.828s] -- Configured cpplint exclude dirs and/or files: 
[9.330s] -- Added test 'flake8' to check Python code syntax and style conventions
[10.251s] -- Added test 'lint_cmake' to check CMake code style
[10.698s] -- Added test 'pep257' to check Python code against some of the docstring style conventions in PEP 257
[14.264s] -- Added test 'uncrustify' to check C / C++ code style
[14.265s] -- Configured uncrustify additional arguments: 
[14.791s] -- Added test 'xmllint' to check XML markup files
[14.952s] -- Configuring done
[15.274s] -- Generating done
[15.353s] -- Build files have been written to: /home/rosdev/ros2_ws/src/Rover/build/rover
[15.356s] Invoked command in '/home/rosdev/ros2_ws/src/Rover/build/rover' returned '0': CMAKE_PREFIX_PATH=/opt/ros/humble /usr/bin/cmake /home/rosdev/ros2_ws/src/Rover -DCMAKE_INSTALL_PREFIX=/home/rosdev/ros2_ws/src/Rover/install/rover
[15.371s] Invoking command in '/home/rosdev/ros2_ws/src/Rover/build/rover': CMAKE_PREFIX_PATH=/opt/ros/humble /usr/bin/cmake --build /home/rosdev/ros2_ws/src/Rover/build/rover -- -j16 -l16
[15.490s] Invoked command in '/home/rosdev/ros2_ws/src/Rover/build/rover' returned '0': CMAKE_PREFIX_PATH=/opt/ros/humble /usr/bin/cmake --build /home/rosdev/ros2_ws/src/Rover/build/rover -- -j16 -l16
[15.564s] Invoking command in '/home/rosdev/ros2_ws/src/Rover/build/rover': CMAKE_PREFIX_PATH=/opt/ros/humble /usr/bin/cmake --install /home/rosdev/ros2_ws/src/Rover/build/rover
[15.576s] -- Install configuration: ""
[15.589s] -- Installing: /home/rosdev/ros2_ws/src/Rover/install/rover/share/rover/config
[15.630s] -- Installing: /home/rosdev/ros2_ws/src/Rover/install/rover/share/rover/config/empty.yaml
[15.712s] -- Installing: /home/rosdev/ros2_ws/src/Rover/install/rover/share/rover/description
[15.740s] -- Installing: /home/rosdev/ros2_ws/src/Rover/install/rover/share/rover/description/robot.urdf.xacro
[15.807s] -- Installing: /home/rosdev/ros2_ws/src/Rover/install/rover/share/rover/launch
[15.834s] -- Installing: /home/rosdev/ros2_ws/src/Rover/install/rover/share/rover/launch/rsp.launch.py
[15.919s] -- Installing: /home/rosdev/ros2_ws/src/Rover/install/rover/share/rover/worlds
[15.951s] -- Installing: /home/rosdev/ros2_ws/src/Rover/install/rover/share/rover/worlds/empty.world
[16.064s] -- Installing: /home/rosdev/ros2_ws/src/Rover/install/rover/share/ament_index/resource_index/package_run_dependencies/rover
[16.202s] -- Installing: /home/rosdev/ros2_ws/src/Rover/install/rover/share/ament_index/resource_index/parent_prefix_path/rover
[16.305s] -- Installing: /home/rosdev/ros2_ws/src/Rover/install/rover/share/rover/environment/ament_prefix_path.sh
[16.402s] -- Installing: /home/rosdev/ros2_ws/src/Rover/install/rover/share/rover/environment/ament_prefix_path.dsv
[16.489s] -- Installing: /home/rosdev/ros2_ws/src/Rover/install/rover/share/rover/environment/path.sh
[16.571s] -- Installing: /home/rosdev/ros2_ws/src/Rover/install/rover/share/rover/environment/path.dsv
[16.646s] -- Installing: /home/rosdev/ros2_ws/src/Rover/install/rover/share/rover/local_setup.bash
[16.716s] -- Installing: /home/rosdev/ros2_ws/src/Rover/install/rover/share/rover/local_setup.sh
[16.796s] -- Installing: /home/rosdev/ros2_ws/src/Rover/install/rover/share/rover/local_setup.zsh
[16.867s] -- Installing: /home/rosdev/ros2_ws/src/Rover/install/rover/share/rover/local_setup.dsv
[16.954s] -- Installing: /home/rosdev/ros2_ws/src/Rover/install/rover/share/rover/package.dsv
[17.058s] -- Installing: /home/rosdev/ros2_ws/src/Rover/install/rover/share/ament_index/resource_index/packages/rover
[17.174s] -- Installing: /home/rosdev/ros2_ws/src/Rover/install/rover/share/rover/cmake/roverConfig.cmake
[17.244s] -- Installing: /home/rosdev/ros2_ws/src/Rover/install/rover/share/rover/cmake/roverConfig-version.cmake
[17.319s] -- Installing: /home/rosdev/ros2_ws/src/Rover/install/rover/share/rover/package.xml
[17.382s] Invoked command in '/home/rosdev/ros2_ws/src/Rover/build/rover' returned '0': CMAKE_PREFIX_PATH=/opt/ros/humble /usr/bin/cmake --install /home/rosdev/ros2_ws/src/Rover/build/rover
