[0.798s] DEBUG:colcon:Command line arguments: ['/usr/bin/colcon', 'build', '--symlink-install']
[0.798s] DEBUG:colcon:Parsed command line arguments: Namespace(log_base=None, log_level=None, verb_name='build', build_base='build', install_base='install', merge_install=False, symlink_install=True, test_result_base=None, continue_on_error=False, executor='parallel', parallel_workers=16, event_handlers=None, ignore_user_meta=False, metas=['./colcon.meta'], base_paths=['.'], packages_ignore=None, packages_ignore_regex=None, paths=None, packages_up_to=None, packages_up_to_regex=None, packages_above=None, packages_above_and_dependencies=None, packages_above_depth=None, packages_select_by_dep=None, packages_skip_by_dep=None, packages_skip_up_to=None, packages_select_build_failed=False, packages_skip_build_finished=False, packages_select_test_failures=False, packages_skip_test_passed=False, packages_select=None, packages_skip=None, packages_select_regex=None, packages_skip_regex=None, packages_start=None, packages_end=None, cmake_args=None, cmake_target=None, cmake_target_skip_unavailable=False, cmake_clean_cache=False, cmake_clean_first=False, cmake_force_configure=False, ament_cmake_args=None, catkin_cmake_args=None, catkin_skip_building_tests=False, mixin_files=None, mixin=None, verb_parser=<colcon_mixin.mixin.mixin_argument.MixinArgumentDecorator object at 0x7f40c2909ae0>, verb_extension=<colcon_core.verb.build.BuildVerb object at 0x7f40c2858d60>, main=<bound method BuildVerb.main of <colcon_core.verb.build.BuildVerb object at 0x7f40c2858d60>>, mixin_verb=('build',))
[0.850s] Level 1:colcon.colcon_core.package_discovery:discover_packages(colcon_meta) check parameters
[0.851s] Level 1:colcon.colcon_core.package_discovery:discover_packages(recursive) check parameters
[0.851s] Level 1:colcon.colcon_core.package_discovery:discover_packages(ignore) check parameters
[0.851s] Level 1:colcon.colcon_core.package_discovery:discover_packages(path) check parameters
[0.852s] Level 1:colcon.colcon_core.package_discovery:discover_packages(colcon_meta) discover
[0.852s] Level 1:colcon.colcon_core.package_discovery:discover_packages(recursive) discover
[0.853s] INFO:colcon.colcon_core.package_discovery:Crawling recursively for packages in '/home/rosdev/ros2_ws/src/Rover'
[0.855s] Level 1:colcon.colcon_core.package_identification:_identify(.) by extensions ['ignore', 'ignore_ament_install']
[0.856s] Level 1:colcon.colcon_core.package_identification:_identify(.) by extension 'ignore'
[0.856s] Level 1:colcon.colcon_core.package_identification:_identify(.) by extension 'ignore_ament_install'
[0.858s] Level 1:colcon.colcon_core.package_identification:_identify(.) by extensions ['colcon_pkg']
[0.858s] Level 1:colcon.colcon_core.package_identification:_identify(.) by extension 'colcon_pkg'
[0.859s] Level 1:colcon.colcon_core.package_identification:_identify(.) by extensions ['colcon_meta']
[0.859s] Level 1:colcon.colcon_core.package_identification:_identify(.) by extension 'colcon_meta'
[0.859s] Level 1:colcon.colcon_core.package_identification:_identify(.) by extensions ['ros']
[0.860s] Level 1:colcon.colcon_core.package_identification:_identify(.) by extension 'ros'
[0.880s] DEBUG:colcon.colcon_core.package_identification:Package '.' with type 'ros.ament_cmake' and name 'rover'
[0.881s] Level 1:colcon.colcon_core.package_discovery:discover_packages(recursive) using defaults
[0.881s] Level 1:colcon.colcon_core.package_discovery:discover_packages(ignore) discover
[0.882s] Level 1:colcon.colcon_core.package_discovery:discover_packages(ignore) using defaults
[0.882s] Level 1:colcon.colcon_core.package_discovery:discover_packages(path) discover
[0.882s] Level 1:colcon.colcon_core.package_discovery:discover_packages(path) using defaults
[0.929s] Level 5:colcon.colcon_core.verb:set package 'rover' build argument 'cmake_args' from command line to 'None'
[0.930s] Level 5:colcon.colcon_core.verb:set package 'rover' build argument 'cmake_target' from command line to 'None'
[0.930s] Level 5:colcon.colcon_core.verb:set package 'rover' build argument 'cmake_target_skip_unavailable' from command line to 'False'
[0.931s] Level 5:colcon.colcon_core.verb:set package 'rover' build argument 'cmake_clean_cache' from command line to 'False'
[0.931s] Level 5:colcon.colcon_core.verb:set package 'rover' build argument 'cmake_clean_first' from command line to 'False'
[0.932s] Level 5:colcon.colcon_core.verb:set package 'rover' build argument 'cmake_force_configure' from command line to 'False'
[0.932s] Level 5:colcon.colcon_core.verb:set package 'rover' build argument 'ament_cmake_args' from command line to 'None'
[0.933s] Level 5:colcon.colcon_core.verb:set package 'rover' build argument 'catkin_cmake_args' from command line to 'None'
[0.933s] Level 5:colcon.colcon_core.verb:set package 'rover' build argument 'catkin_skip_building_tests' from command line to 'False'
[0.934s] DEBUG:colcon.colcon_core.verb:Building package 'rover' with the following arguments: {'ament_cmake_args': None, 'build_base': '/home/rosdev/ros2_ws/src/Rover/build/rover', 'catkin_cmake_args': None, 'catkin_skip_building_tests': False, 'cmake_args': None, 'cmake_clean_cache': False, 'cmake_clean_first': False, 'cmake_force_configure': False, 'cmake_target': None, 'cmake_target_skip_unavailable': False, 'install_base': '/home/rosdev/ros2_ws/src/Rover/install/rover', 'merge_install': False, 'path': '/home/rosdev/ros2_ws/src/Rover', 'symlink_install': True, 'test_result_base': None}
[0.943s] INFO:colcon.colcon_core.executor:Executing jobs using 'parallel' executor
[0.954s] DEBUG:colcon.colcon_parallel_executor.executor.parallel:run_until_complete
[0.955s] INFO:colcon.colcon_ros.task.ament_cmake.build:Building ROS package in '/home/rosdev/ros2_ws/src/Rover' with build type 'ament_cmake'
[0.955s] INFO:colcon.colcon_cmake.task.cmake.build:Building CMake package in '/home/rosdev/ros2_ws/src/Rover'
[0.965s] INFO:colcon.colcon_core.plugin_system:Skipping extension 'colcon_core.shell.bat': Not used on non-Windows systems
[0.965s] INFO:colcon.colcon_core.shell:Skip shell extension 'powershell' for command environment: Not usable outside of PowerShell
[0.966s] DEBUG:colcon.colcon_core.shell:Skip shell extension 'dsv' for command environment
[1.156s] DEBUG:colcon.colcon_core.event_handler.log_command:Invoking command in '/home/rosdev/ros2_ws/src/Rover/build/rover': CMAKE_PREFIX_PATH=${CMAKE_PREFIX_PATH}:/opt/ros/humble /usr/bin/cmake --build /home/rosdev/ros2_ws/src/Rover/build/rover -- -j16 -l16
[1.221s] DEBUG:colcon.colcon_core.event_handler.log_command:Invoked command in '/home/rosdev/ros2_ws/src/Rover/build/rover' returned '0': CMAKE_PREFIX_PATH=${CMAKE_PREFIX_PATH}:/opt/ros/humble /usr/bin/cmake --build /home/rosdev/ros2_ws/src/Rover/build/rover -- -j16 -l16
[1.264s] DEBUG:colcon.colcon_core.event_handler.log_command:Invoking command in '/home/rosdev/ros2_ws/src/Rover/build/rover': CMAKE_PREFIX_PATH=${CMAKE_PREFIX_PATH}:/opt/ros/humble /usr/bin/cmake --install /home/rosdev/ros2_ws/src/Rover/build/rover
[1.910s] Level 1:colcon.colcon_core.environment:create_environment_scripts_only(rover)
[1.911s] DEBUG:colcon.colcon_core.event_handler.log_command:Invoked command in '/home/rosdev/ros2_ws/src/Rover/build/rover' returned '0': CMAKE_PREFIX_PATH=${CMAKE_PREFIX_PATH}:/opt/ros/humble /usr/bin/cmake --install /home/rosdev/ros2_ws/src/Rover/build/rover
[1.920s] Level 1:colcon.colcon_core.environment:checking '/home/rosdev/ros2_ws/src/Rover/install/rover' for CMake module files
[2.037s] Level 1:colcon.colcon_core.environment:checking '/home/rosdev/ros2_ws/src/Rover/install/rover' for CMake config files
[2.126s] Level 1:colcon.colcon_core.shell:create_environment_hook('rover', 'cmake_prefix_path')
[2.135s] INFO:colcon.colcon_core.shell:Creating environment hook '/home/rosdev/ros2_ws/src/Rover/install/rover/share/rover/hook/cmake_prefix_path.ps1'
[2.151s] INFO:colcon.colcon_core.shell:Creating environment descriptor '/home/rosdev/ros2_ws/src/Rover/install/rover/share/rover/hook/cmake_prefix_path.dsv'
[2.165s] INFO:colcon.colcon_core.shell:Creating environment hook '/home/rosdev/ros2_ws/src/Rover/install/rover/share/rover/hook/cmake_prefix_path.sh'
[2.185s] Level 1:colcon.colcon_core.environment:checking '/home/rosdev/ros2_ws/src/Rover/install/rover/bin'
[2.186s] Level 1:colcon.colcon_core.environment:checking '/home/rosdev/ros2_ws/src/Rover/install/rover/lib/pkgconfig/rover.pc'
[2.189s] Level 1:colcon.colcon_core.environment:checking '/home/rosdev/ros2_ws/src/Rover/install/rover/lib/python3.10/site-packages'
[2.190s] Level 1:colcon.colcon_core.environment:checking '/home/rosdev/ros2_ws/src/Rover/install/rover/bin'
[2.199s] INFO:colcon.colcon_core.shell:Creating package script '/home/rosdev/ros2_ws/src/Rover/install/rover/share/rover/package.ps1'
[2.213s] INFO:colcon.colcon_core.shell:Creating package descriptor '/home/rosdev/ros2_ws/src/Rover/install/rover/share/rover/package.dsv'
[2.229s] INFO:colcon.colcon_core.shell:Creating package script '/home/rosdev/ros2_ws/src/Rover/install/rover/share/rover/package.sh'
[2.242s] INFO:colcon.colcon_core.shell:Creating package script '/home/rosdev/ros2_ws/src/Rover/install/rover/share/rover/package.bash'
[2.255s] INFO:colcon.colcon_core.shell:Creating package script '/home/rosdev/ros2_ws/src/Rover/install/rover/share/rover/package.zsh'
[2.268s] Level 1:colcon.colcon_core.environment:create_file_with_runtime_dependencies(/home/rosdev/ros2_ws/src/Rover/install/rover/share/colcon-core/packages/rover)
[2.315s] Level 1:colcon.colcon_core.environment:create_environment_scripts_only(rover)
[2.322s] Level 1:colcon.colcon_core.environment:checking '/home/rosdev/ros2_ws/src/Rover/install/rover' for CMake module files
[2.432s] Level 1:colcon.colcon_core.environment:checking '/home/rosdev/ros2_ws/src/Rover/install/rover' for CMake config files
[2.517s] Level 1:colcon.colcon_core.shell:create_environment_hook('rover', 'cmake_prefix_path')
[2.525s] INFO:colcon.colcon_core.shell:Creating environment hook '/home/rosdev/ros2_ws/src/Rover/install/rover/share/rover/hook/cmake_prefix_path.ps1'
[2.540s] INFO:colcon.colcon_core.shell:Creating environment descriptor '/home/rosdev/ros2_ws/src/Rover/install/rover/share/rover/hook/cmake_prefix_path.dsv'
[2.555s] INFO:colcon.colcon_core.shell:Creating environment hook '/home/rosdev/ros2_ws/src/Rover/install/rover/share/rover/hook/cmake_prefix_path.sh'
[2.578s] Level 1:colcon.colcon_core.environment:checking '/home/rosdev/ros2_ws/src/Rover/install/rover/bin'
[2.579s] Level 1:colcon.colcon_core.environment:checking '/home/rosdev/ros2_ws/src/Rover/install/rover/lib/pkgconfig/rover.pc'
[2.583s] Level 1:colcon.colcon_core.environment:checking '/home/rosdev/ros2_ws/src/Rover/install/rover/lib/python3.10/site-packages'
[2.586s] Level 1:colcon.colcon_core.environment:checking '/home/rosdev/ros2_ws/src/Rover/install/rover/bin'
[2.598s] INFO:colcon.colcon_core.shell:Creating package script '/home/rosdev/ros2_ws/src/Rover/install/rover/share/rover/package.ps1'
[2.615s] INFO:colcon.colcon_core.shell:Creating package descriptor '/home/rosdev/ros2_ws/src/Rover/install/rover/share/rover/package.dsv'
[2.629s] INFO:colcon.colcon_core.shell:Creating package script '/home/rosdev/ros2_ws/src/Rover/install/rover/share/rover/package.sh'
[2.641s] INFO:colcon.colcon_core.shell:Creating package script '/home/rosdev/ros2_ws/src/Rover/install/rover/share/rover/package.bash'
[2.653s] INFO:colcon.colcon_core.shell:Creating package script '/home/rosdev/ros2_ws/src/Rover/install/rover/share/rover/package.zsh'
[2.664s] Level 1:colcon.colcon_core.environment:create_file_with_runtime_dependencies(/home/rosdev/ros2_ws/src/Rover/install/rover/share/colcon-core/packages/rover)
[2.673s] DEBUG:colcon.colcon_parallel_executor.executor.parallel:closing loop
[2.673s] DEBUG:colcon.colcon_parallel_executor.executor.parallel:loop closed
[2.674s] DEBUG:colcon.colcon_parallel_executor.executor.parallel:run_until_complete finished with '0'
[2.674s] DEBUG:colcon.colcon_core.event_reactor:joining thread
[2.702s] INFO:colcon.colcon_core.plugin_system:Skipping extension 'colcon_notification.desktop_notification.notify_send': Could not find 'notify-send'
[2.702s] INFO:colcon.colcon_core.plugin_system:Skipping extension 'colcon_notification.desktop_notification.terminal_notifier': Not used on non-Darwin systems
[2.702s] INFO:colcon.colcon_core.plugin_system:Skipping extension 'colcon_notification.desktop_notification.win32': Not used on non-Windows systems
[2.703s] INFO:colcon.colcon_notification.desktop_notification:Sending desktop notification using 'notify2'
[2.705s] DEBUG:colcon.colcon_notification.desktop_notification.notify2:Failed to initialize notify2: org.freedesktop.DBus.Error.Spawn.ExecFailed: /usr/bin/dbus-launch terminated abnormally without any error message
[2.706s] DEBUG:colcon.colcon_core.event_reactor:joined thread
[2.716s] INFO:colcon.colcon_core.shell:Creating prefix script '/home/rosdev/ros2_ws/src/Rover/install/local_setup.ps1'
[2.728s] INFO:colcon.colcon_core.shell:Creating prefix util module '/home/rosdev/ros2_ws/src/Rover/install/_local_setup_util_ps1.py'
[2.742s] INFO:colcon.colcon_core.shell:Creating prefix chain script '/home/rosdev/ros2_ws/src/Rover/install/setup.ps1'
[2.784s] INFO:colcon.colcon_core.shell:Creating prefix script '/home/rosdev/ros2_ws/src/Rover/install/local_setup.sh'
[2.796s] INFO:colcon.colcon_core.shell:Creating prefix util module '/home/rosdev/ros2_ws/src/Rover/install/_local_setup_util_sh.py'
[2.803s] INFO:colcon.colcon_core.shell:Creating prefix chain script '/home/rosdev/ros2_ws/src/Rover/install/setup.sh'
[2.831s] INFO:colcon.colcon_core.shell:Creating prefix script '/home/rosdev/ros2_ws/src/Rover/install/local_setup.bash'
[2.838s] INFO:colcon.colcon_core.shell:Creating prefix chain script '/home/rosdev/ros2_ws/src/Rover/install/setup.bash'
[2.865s] INFO:colcon.colcon_core.shell:Creating prefix script '/home/rosdev/ros2_ws/src/Rover/install/local_setup.zsh'
[2.872s] INFO:colcon.colcon_core.shell:Creating prefix chain script '/home/rosdev/ros2_ws/src/Rover/install/setup.zsh'
