[0.155s] Invoking command in '/home/rosdev/ros2_ws/src/Rover/build/rover': CMAKE_PREFIX_PATH=${CMAKE_PREFIX_PATH}:/opt/ros/humble /usr/bin/cmake --build /home/rosdev/ros2_ws/src/Rover/build/rover -- -j16 -l16
[0.219s] Invoked command in '/home/rosdev/ros2_ws/src/Rover/build/rover' returned '0': CMAKE_PREFIX_PATH=${CMAKE_PREFIX_PATH}:/opt/ros/humble /usr/bin/cmake --build /home/rosdev/ros2_ws/src/Rover/build/rover -- -j16 -l16
[0.263s] Invoking command in '/home/rosdev/ros2_ws/src/Rover/build/rover': CMAKE_PREFIX_PATH=${CMAKE_PREFIX_PATH}:/opt/ros/humble /usr/bin/cmake --install /home/rosdev/ros2_ws/src/Rover/build/rover
[0.272s] -- Install configuration: ""
[0.279s] -- Up-to-date: /home/rosdev/ros2_ws/src/Rover/install/rover/share/rover/config
[0.302s] -- Up-to-date: /home/rosdev/ros2_ws/src/Rover/install/rover/share/rover/config/empty.yaml
[0.316s] -- Up-to-date: /home/rosdev/ros2_ws/src/Rover/install/rover/share/rover/description
[0.340s] -- Up-to-date: /home/rosdev/ros2_ws/src/Rover/install/rover/share/rover/description/robot.urdf.xacro
[0.352s] -- Up-to-date: /home/rosdev/ros2_ws/src/Rover/install/rover/share/rover/launch
[0.374s] -- Installing: /home/rosdev/ros2_ws/src/Rover/install/rover/share/rover/launch/rsp.launch.py
[0.472s] -- Up-to-date: /home/rosdev/ros2_ws/src/Rover/install/rover/share/rover/worlds
[0.504s] -- Up-to-date: /home/rosdev/ros2_ws/src/Rover/install/rover/share/rover/worlds/empty.world
[0.536s] -- Up-to-date: /home/rosdev/ros2_ws/src/Rover/install/rover/share/ament_index/resource_index/package_run_dependencies/rover
[0.565s] -- Up-to-date: /home/rosdev/ros2_ws/src/Rover/install/rover/share/ament_index/resource_index/parent_prefix_path/rover
[0.587s] -- Up-to-date: /home/rosdev/ros2_ws/src/Rover/install/rover/share/rover/environment/ament_prefix_path.sh
[0.614s] -- Up-to-date: /home/rosdev/ros2_ws/src/Rover/install/rover/share/rover/environment/ament_prefix_path.dsv
[0.635s] -- Up-to-date: /home/rosdev/ros2_ws/src/Rover/install/rover/share/rover/environment/path.sh
[0.657s] -- Up-to-date: /home/rosdev/ros2_ws/src/Rover/install/rover/share/rover/environment/path.dsv
[0.679s] -- Up-to-date: /home/rosdev/ros2_ws/src/Rover/install/rover/share/rover/local_setup.bash
[0.698s] -- Up-to-date: /home/rosdev/ros2_ws/src/Rover/install/rover/share/rover/local_setup.sh
[0.716s] -- Up-to-date: /home/rosdev/ros2_ws/src/Rover/install/rover/share/rover/local_setup.zsh
[0.733s] -- Up-to-date: /home/rosdev/ros2_ws/src/Rover/install/rover/share/rover/local_setup.dsv
[0.749s] -- Installing: /home/rosdev/ros2_ws/src/Rover/install/rover/share/rover/package.dsv
[0.837s] -- Up-to-date: /home/rosdev/ros2_ws/src/Rover/install/rover/share/ament_index/resource_index/packages/rover
[0.869s] -- Up-to-date: /home/rosdev/ros2_ws/src/Rover/install/rover/share/rover/cmake/roverConfig.cmake
[0.899s] -- Up-to-date: /home/rosdev/ros2_ws/src/Rover/install/rover/share/rover/cmake/roverConfig-version.cmake
[0.923s] -- Up-to-date: /home/rosdev/ros2_ws/src/Rover/install/rover/share/rover/package.xml
[0.945s] Invoked command in '/home/rosdev/ros2_ws/src/Rover/build/rover' returned '0': CMAKE_PREFIX_PATH=${CMAKE_PREFIX_PATH}:/opt/ros/humble /usr/bin/cmake --install /home/rosdev/ros2_ws/src/Rover/build/rover
