[0.215s] Invoking command in '/home/rosdev/ros2_ws/src/Rover/build/rover': CMAKE_PREFIX_PATH=${CMAKE_PREFIX_PATH}:/opt/ros/humble /usr/bin/cmake /home/rosdev/ros2_ws/src/Rover -DAMENT_CMAKE_SYMLINK_INSTALL=1 -DCMAKE_INSTALL_PREFIX=/home/rosdev/ros2_ws/src/Rover/install/rover
[0.255s] -- Found ament_cmake: 1.3.7 (/opt/ros/humble/share/ament_cmake/cmake)
[0.443s] -- Override CMake install command with custom implementation using symlinks instead of copying resources
[0.577s] -- Found ament_lint_auto: 0.12.10 (/opt/ros/humble/share/ament_lint_auto/cmake)
[1.115s] -- Added test 'copyright' to check source files copyright and LICENSE
[9.367s] -- Added test 'cppcheck' to perform static code analysis on C / C++ code
[9.369s] -- Configured cppcheck include dirs: 
[9.381s] -- Configured cppcheck exclude dirs and/or files: 
[19.837s] -- Added test 'cpplint' to check C / C++ code against the Google style
[19.840s] -- Configured cpplint exclude dirs and/or files: 
[21.846s] -- Added test 'flake8' to check Python code syntax and style conventions
[24.241s] -- Added test 'lint_cmake' to check CMake code style
[25.369s] -- Added test 'pep257' to check Python code against some of the docstring style conventions in PEP 257
[35.744s] -- Added test 'uncrustify' to check C / C++ code style
[35.751s] -- Configured uncrustify additional arguments: 
[37.215s] -- Added test 'xmllint' to check XML markup files
[37.337s] -- Configuring done
[37.753s] -- Generating done
[37.836s] -- Build files have been written to: /home/rosdev/ros2_ws/src/Rover/build/rover
[37.840s] Invoked command in '/home/rosdev/ros2_ws/src/Rover/build/rover' returned '0': CMAKE_PREFIX_PATH=${CMAKE_PREFIX_PATH}:/opt/ros/humble /usr/bin/cmake /home/rosdev/ros2_ws/src/Rover -DAMENT_CMAKE_SYMLINK_INSTALL=1 -DCMAKE_INSTALL_PREFIX=/home/rosdev/ros2_ws/src/Rover/install/rover
[37.855s] Invoking command in '/home/rosdev/ros2_ws/src/Rover/build/rover': CMAKE_PREFIX_PATH=${CMAKE_PREFIX_PATH}:/opt/ros/humble /usr/bin/cmake --build /home/rosdev/ros2_ws/src/Rover/build/rover -- -j16 -l16
[37.992s] Invoked command in '/home/rosdev/ros2_ws/src/Rover/build/rover' returned '0': CMAKE_PREFIX_PATH=${CMAKE_PREFIX_PATH}:/opt/ros/humble /usr/bin/cmake --build /home/rosdev/ros2_ws/src/Rover/build/rover -- -j16 -l16
[38.067s] Invoking command in '/home/rosdev/ros2_ws/src/Rover/build/rover': CMAKE_PREFIX_PATH=${CMAKE_PREFIX_PATH}:/opt/ros/humble /usr/bin/cmake --install /home/rosdev/ros2_ws/src/Rover/build/rover
[38.083s] -- Install configuration: ""
[38.103s] -- Execute custom install script
[38.130s] -- Symlinking: /home/rosdev/ros2_ws/src/Rover/install/rover/share/rover/config/empty.yaml
[38.200s] -- Symlinking: /home/rosdev/ros2_ws/src/Rover/install/rover/share/rover/description/robot.urdf.xacro
[38.281s] -- Symlinking: /home/rosdev/ros2_ws/src/Rover/install/rover/share/rover/launch/rsp.launch.py
[38.360s] -- Symlinking: /home/rosdev/ros2_ws/src/Rover/install/rover/share/rover/worlds/empty.world
[38.452s] -- Symlinking: /home/rosdev/ros2_ws/src/Rover/install/rover/share/ament_index/resource_index/package_run_dependencies/rover
[38.567s] -- Symlinking: /home/rosdev/ros2_ws/src/Rover/install/rover/share/ament_index/resource_index/parent_prefix_path/rover
[38.669s] -- Symlinking: /home/rosdev/ros2_ws/src/Rover/install/rover/share/rover/environment/ament_prefix_path.sh
[38.751s] -- Symlinking: /home/rosdev/ros2_ws/src/Rover/install/rover/share/rover/environment/ament_prefix_path.dsv
[38.865s] -- Symlinking: /home/rosdev/ros2_ws/src/Rover/install/rover/share/rover/environment/path.sh
[38.994s] -- Symlinking: /home/rosdev/ros2_ws/src/Rover/install/rover/share/rover/environment/path.dsv
[39.052s] -- Symlinking: /home/rosdev/ros2_ws/src/Rover/install/rover/share/rover/local_setup.bash
[39.138s] -- Symlinking: /home/rosdev/ros2_ws/src/Rover/install/rover/share/rover/local_setup.sh
[39.201s] -- Symlinking: /home/rosdev/ros2_ws/src/Rover/install/rover/share/rover/local_setup.zsh
[39.256s] -- Symlinking: /home/rosdev/ros2_ws/src/Rover/install/rover/share/rover/local_setup.dsv
[39.309s] -- Symlinking: /home/rosdev/ros2_ws/src/Rover/install/rover/share/rover/package.dsv
[39.389s] -- Symlinking: /home/rosdev/ros2_ws/src/Rover/install/rover/share/ament_index/resource_index/packages/rover
[39.509s] -- Symlinking: /home/rosdev/ros2_ws/src/Rover/install/rover/share/rover/cmake/roverConfig.cmake
[39.581s] -- Symlinking: /home/rosdev/ros2_ws/src/Rover/install/rover/share/rover/cmake/roverConfig-version.cmake
[39.653s] -- Symlinking: /home/rosdev/ros2_ws/src/Rover/install/rover/share/rover/package.xml
[39.706s] Invoked command in '/home/rosdev/ros2_ws/src/Rover/build/rover' returned '0': CMAKE_PREFIX_PATH=${CMAKE_PREFIX_PATH}:/opt/ros/humble /usr/bin/cmake --install /home/rosdev/ros2_ws/src/Rover/build/rover
