[0.571s] DEBUG:colcon:Command line arguments: ['/usr/bin/colcon', 'build']
[0.571s] DEBUG:colcon:Parsed command line arguments: Namespace(log_base=None, log_level=None, verb_name='build', build_base='build', install_base='install', merge_install=False, symlink_install=False, test_result_base=None, continue_on_error=False, executor='parallel', parallel_workers=16, event_handlers=None, ignore_user_meta=False, metas=['./colcon.meta'], base_paths=['.'], packages_ignore=None, packages_ignore_regex=None, paths=None, packages_up_to=None, packages_up_to_regex=None, packages_above=None, packages_above_and_dependencies=None, packages_above_depth=None, packages_select_by_dep=None, packages_skip_by_dep=None, packages_skip_up_to=None, packages_select_build_failed=False, packages_skip_build_finished=False, packages_select_test_failures=False, packages_skip_test_passed=False, packages_select=None, packages_skip=None, packages_select_regex=None, packages_skip_regex=None, packages_start=None, packages_end=None, cmake_args=None, cmake_target=None, cmake_target_skip_unavailable=False, cmake_clean_cache=False, cmake_clean_first=False, cmake_force_configure=False, ament_cmake_args=None, catkin_cmake_args=None, catkin_skip_building_tests=False, mixin_files=None, mixin=None, verb_parser=<colcon_mixin.mixin.mixin_argument.MixinArgumentDecorator object at 0x7f4c15dbfa30>, verb_extension=<colcon_core.verb.build.BuildVerb object at 0x7f4c15f54460>, main=<bound method BuildVerb.main of <colcon_core.verb.build.BuildVerb object at 0x7f4c15f54460>>, mixin_verb=('build',))
[0.607s] Level 1:colcon.colcon_core.package_discovery:discover_packages(colcon_meta) check parameters
[0.608s] Level 1:colcon.colcon_core.package_discovery:discover_packages(recursive) check parameters
[0.608s] Level 1:colcon.colcon_core.package_discovery:discover_packages(ignore) check parameters
[0.609s] Level 1:colcon.colcon_core.package_discovery:discover_packages(path) check parameters
[0.609s] Level 1:colcon.colcon_core.package_discovery:discover_packages(colcon_meta) discover
[0.609s] Level 1:colcon.colcon_core.package_discovery:discover_packages(recursive) discover
[0.610s] INFO:colcon.colcon_core.package_discovery:Crawling recursively for packages in '/home/rosdev/ros2_ws/src'
[0.612s] Level 1:colcon.colcon_core.package_identification:_identify(.) by extensions ['ignore', 'ignore_ament_install']
[0.612s] Level 1:colcon.colcon_core.package_identification:_identify(.) by extension 'ignore'
[0.613s] Level 1:colcon.colcon_core.package_identification:_identify(.) by extension 'ignore_ament_install'
[0.614s] Level 1:colcon.colcon_core.package_identification:_identify(.) by extensions ['colcon_pkg']
[0.614s] Level 1:colcon.colcon_core.package_identification:_identify(.) by extension 'colcon_pkg'
[0.614s] Level 1:colcon.colcon_core.package_identification:_identify(.) by extensions ['colcon_meta']
[0.614s] Level 1:colcon.colcon_core.package_identification:_identify(.) by extension 'colcon_meta'
[0.615s] Level 1:colcon.colcon_core.package_identification:_identify(.) by extensions ['ros']
[0.615s] Level 1:colcon.colcon_core.package_identification:_identify(.) by extension 'ros'
[0.623s] Level 1:colcon.colcon_core.package_identification:_identify(.) by extensions ['cmake', 'python']
[0.624s] Level 1:colcon.colcon_core.package_identification:_identify(.) by extension 'cmake'
[0.624s] Level 1:colcon.colcon_core.package_identification:_identify(.) by extension 'python'
[0.625s] Level 1:colcon.colcon_core.package_identification:_identify(.) by extensions ['python_setup_py']
[0.625s] Level 1:colcon.colcon_core.package_identification:_identify(.) by extension 'python_setup_py'
[0.628s] Level 1:colcon.colcon_core.package_identification:_identify(arm2) by extensions ['ignore', 'ignore_ament_install']
[0.628s] Level 1:colcon.colcon_core.package_identification:_identify(arm2) by extension 'ignore'
[0.629s] Level 1:colcon.colcon_core.package_identification:_identify(arm2) by extension 'ignore_ament_install'
[0.631s] Level 1:colcon.colcon_core.package_identification:_identify(arm2) by extensions ['colcon_pkg']
[0.631s] Level 1:colcon.colcon_core.package_identification:_identify(arm2) by extension 'colcon_pkg'
[0.632s] Level 1:colcon.colcon_core.package_identification:_identify(arm2) by extensions ['colcon_meta']
[0.632s] Level 1:colcon.colcon_core.package_identification:_identify(arm2) by extension 'colcon_meta'
[0.633s] Level 1:colcon.colcon_core.package_identification:_identify(arm2) by extensions ['ros']
[0.633s] Level 1:colcon.colcon_core.package_identification:_identify(arm2) by extension 'ros'
[0.643s] DEBUG:colcon.colcon_core.package_identification:Package 'arm2' with type 'ros.ament_cmake' and name 'arm2'
[0.646s] Level 1:colcon.colcon_core.package_identification:_identify(build) by extensions ['ignore', 'ignore_ament_install']
[0.646s] Level 1:colcon.colcon_core.package_identification:_identify(build) by extension 'ignore'
[0.648s] Level 1:colcon.colcon_core.package_identification:_identify(build) ignored
[0.650s] Level 1:colcon.colcon_core.package_identification:_identify(install) by extensions ['ignore', 'ignore_ament_install']
[0.651s] Level 1:colcon.colcon_core.package_identification:_identify(install) by extension 'ignore'
[0.652s] Level 1:colcon.colcon_core.package_identification:_identify(install) ignored
[0.656s] Level 1:colcon.colcon_core.package_identification:_identify(log) by extensions ['ignore', 'ignore_ament_install']
[0.656s] Level 1:colcon.colcon_core.package_identification:_identify(log) by extension 'ignore'
[0.657s] Level 1:colcon.colcon_core.package_identification:_identify(log) ignored
[0.657s] Level 1:colcon.colcon_core.package_discovery:discover_packages(recursive) using defaults
[0.657s] Level 1:colcon.colcon_core.package_discovery:discover_packages(ignore) discover
[0.657s] Level 1:colcon.colcon_core.package_discovery:discover_packages(ignore) using defaults
[0.658s] Level 1:colcon.colcon_core.package_discovery:discover_packages(path) discover
[0.658s] Level 1:colcon.colcon_core.package_discovery:discover_packages(path) using defaults
[0.698s] Level 5:colcon.colcon_core.verb:set package 'arm2' build argument 'cmake_args' from command line to 'None'
[0.699s] Level 5:colcon.colcon_core.verb:set package 'arm2' build argument 'cmake_target' from command line to 'None'
[0.699s] Level 5:colcon.colcon_core.verb:set package 'arm2' build argument 'cmake_target_skip_unavailable' from command line to 'False'
[0.699s] Level 5:colcon.colcon_core.verb:set package 'arm2' build argument 'cmake_clean_cache' from command line to 'False'
[0.700s] Level 5:colcon.colcon_core.verb:set package 'arm2' build argument 'cmake_clean_first' from command line to 'False'
[0.700s] Level 5:colcon.colcon_core.verb:set package 'arm2' build argument 'cmake_force_configure' from command line to 'False'
[0.700s] Level 5:colcon.colcon_core.verb:set package 'arm2' build argument 'ament_cmake_args' from command line to 'None'
[0.700s] Level 5:colcon.colcon_core.verb:set package 'arm2' build argument 'catkin_cmake_args' from command line to 'None'
[0.701s] Level 5:colcon.colcon_core.verb:set package 'arm2' build argument 'catkin_skip_building_tests' from command line to 'False'
[0.701s] DEBUG:colcon.colcon_core.verb:Building package 'arm2' with the following arguments: {'ament_cmake_args': None, 'build_base': '/home/rosdev/ros2_ws/src/build/arm2', 'catkin_cmake_args': None, 'catkin_skip_building_tests': False, 'cmake_args': None, 'cmake_clean_cache': False, 'cmake_clean_first': False, 'cmake_force_configure': False, 'cmake_target': None, 'cmake_target_skip_unavailable': False, 'install_base': '/home/rosdev/ros2_ws/src/install/arm2', 'merge_install': False, 'path': '/home/rosdev/ros2_ws/src/arm2', 'symlink_install': False, 'test_result_base': None}
[0.707s] INFO:colcon.colcon_core.executor:Executing jobs using 'parallel' executor
[0.714s] DEBUG:colcon.colcon_parallel_executor.executor.parallel:run_until_complete
[0.714s] INFO:colcon.colcon_ros.task.ament_cmake.build:Building ROS package in '/home/rosdev/ros2_ws/src/arm2' with build type 'ament_cmake'
[0.715s] INFO:colcon.colcon_cmake.task.cmake.build:Building CMake package in '/home/rosdev/ros2_ws/src/arm2'
[0.726s] INFO:colcon.colcon_core.plugin_system:Skipping extension 'colcon_core.shell.bat': Not used on non-Windows systems
[0.730s] INFO:colcon.colcon_core.shell:Skip shell extension 'powershell' for command environment: Not usable outside of PowerShell
[0.730s] DEBUG:colcon.colcon_core.shell:Skip shell extension 'dsv' for command environment
[0.800s] DEBUG:colcon.colcon_core.event_handler.log_command:Invoking command in '/home/rosdev/ros2_ws/src/build/arm2': CMAKE_PREFIX_PATH=/opt/ros/humble /usr/bin/cmake --build /home/rosdev/ros2_ws/src/build/arm2 -- -j16 -l16
[1.678s] DEBUG:colcon.colcon_core.event_handler.log_command:Invoked command in '/home/rosdev/ros2_ws/src/build/arm2' returned '0': CMAKE_PREFIX_PATH=/opt/ros/humble /usr/bin/cmake --build /home/rosdev/ros2_ws/src/build/arm2 -- -j16 -l16
[1.719s] DEBUG:colcon.colcon_core.event_handler.log_command:Invoking command in '/home/rosdev/ros2_ws/src/build/arm2': CMAKE_PREFIX_PATH=/opt/ros/humble /usr/bin/cmake --install /home/rosdev/ros2_ws/src/build/arm2
[3.063s] Level 1:colcon.colcon_core.environment:create_environment_scripts_only(arm2)
[3.064s] DEBUG:colcon.colcon_core.event_handler.log_command:Invoked command in '/home/rosdev/ros2_ws/src/build/arm2' returned '0': CMAKE_PREFIX_PATH=/opt/ros/humble /usr/bin/cmake --install /home/rosdev/ros2_ws/src/build/arm2
[3.071s] Level 1:colcon.colcon_core.environment:checking '/home/rosdev/ros2_ws/src/install/arm2' for CMake module files
[3.145s] Level 1:colcon.colcon_core.environment:checking '/home/rosdev/ros2_ws/src/install/arm2' for CMake config files
[3.192s] Level 1:colcon.colcon_core.shell:create_environment_hook('arm2', 'cmake_prefix_path')
[3.198s] INFO:colcon.colcon_core.shell:Creating environment hook '/home/rosdev/ros2_ws/src/install/arm2/share/arm2/hook/cmake_prefix_path.ps1'
[3.210s] INFO:colcon.colcon_core.shell:Creating environment descriptor '/home/rosdev/ros2_ws/src/install/arm2/share/arm2/hook/cmake_prefix_path.dsv'
[3.222s] INFO:colcon.colcon_core.shell:Creating environment hook '/home/rosdev/ros2_ws/src/install/arm2/share/arm2/hook/cmake_prefix_path.sh'
[3.244s] Level 1:colcon.colcon_core.environment:checking '/home/rosdev/ros2_ws/src/install/arm2/bin'
[3.245s] Level 1:colcon.colcon_core.environment:checking '/home/rosdev/ros2_ws/src/install/arm2/lib/pkgconfig/arm2.pc'
[3.248s] Level 1:colcon.colcon_core.environment:checking '/home/rosdev/ros2_ws/src/install/arm2/lib/python3.10/site-packages'
[3.249s] Level 1:colcon.colcon_core.environment:checking '/home/rosdev/ros2_ws/src/install/arm2/bin'
[3.256s] INFO:colcon.colcon_core.shell:Creating package script '/home/rosdev/ros2_ws/src/install/arm2/share/arm2/package.ps1'
[3.267s] INFO:colcon.colcon_core.shell:Creating package descriptor '/home/rosdev/ros2_ws/src/install/arm2/share/arm2/package.dsv'
[3.278s] INFO:colcon.colcon_core.shell:Creating package script '/home/rosdev/ros2_ws/src/install/arm2/share/arm2/package.sh'
[3.290s] INFO:colcon.colcon_core.shell:Creating package script '/home/rosdev/ros2_ws/src/install/arm2/share/arm2/package.bash'
[3.300s] INFO:colcon.colcon_core.shell:Creating package script '/home/rosdev/ros2_ws/src/install/arm2/share/arm2/package.zsh'
[3.311s] Level 1:colcon.colcon_core.environment:create_file_with_runtime_dependencies(/home/rosdev/ros2_ws/src/install/arm2/share/colcon-core/packages/arm2)
[3.355s] Level 1:colcon.colcon_core.environment:create_environment_scripts_only(arm2)
[3.361s] Level 1:colcon.colcon_core.environment:checking '/home/rosdev/ros2_ws/src/install/arm2' for CMake module files
[3.440s] Level 1:colcon.colcon_core.environment:checking '/home/rosdev/ros2_ws/src/install/arm2' for CMake config files
[3.486s] Level 1:colcon.colcon_core.shell:create_environment_hook('arm2', 'cmake_prefix_path')
[3.493s] INFO:colcon.colcon_core.shell:Creating environment hook '/home/rosdev/ros2_ws/src/install/arm2/share/arm2/hook/cmake_prefix_path.ps1'
[3.515s] INFO:colcon.colcon_core.shell:Creating environment descriptor '/home/rosdev/ros2_ws/src/install/arm2/share/arm2/hook/cmake_prefix_path.dsv'
[3.535s] INFO:colcon.colcon_core.shell:Creating environment hook '/home/rosdev/ros2_ws/src/install/arm2/share/arm2/hook/cmake_prefix_path.sh'
[3.556s] Level 1:colcon.colcon_core.environment:checking '/home/rosdev/ros2_ws/src/install/arm2/bin'
[3.557s] Level 1:colcon.colcon_core.environment:checking '/home/rosdev/ros2_ws/src/install/arm2/lib/pkgconfig/arm2.pc'
[3.559s] Level 1:colcon.colcon_core.environment:checking '/home/rosdev/ros2_ws/src/install/arm2/lib/python3.10/site-packages'
[3.560s] Level 1:colcon.colcon_core.environment:checking '/home/rosdev/ros2_ws/src/install/arm2/bin'
[3.568s] INFO:colcon.colcon_core.shell:Creating package script '/home/rosdev/ros2_ws/src/install/arm2/share/arm2/package.ps1'
[3.582s] INFO:colcon.colcon_core.shell:Creating package descriptor '/home/rosdev/ros2_ws/src/install/arm2/share/arm2/package.dsv'
[3.596s] INFO:colcon.colcon_core.shell:Creating package script '/home/rosdev/ros2_ws/src/install/arm2/share/arm2/package.sh'
[3.609s] INFO:colcon.colcon_core.shell:Creating package script '/home/rosdev/ros2_ws/src/install/arm2/share/arm2/package.bash'
[3.621s] INFO:colcon.colcon_core.shell:Creating package script '/home/rosdev/ros2_ws/src/install/arm2/share/arm2/package.zsh'
[3.633s] Level 1:colcon.colcon_core.environment:create_file_with_runtime_dependencies(/home/rosdev/ros2_ws/src/install/arm2/share/colcon-core/packages/arm2)
[3.642s] DEBUG:colcon.colcon_parallel_executor.executor.parallel:closing loop
[3.643s] DEBUG:colcon.colcon_parallel_executor.executor.parallel:loop closed
[3.643s] DEBUG:colcon.colcon_parallel_executor.executor.parallel:run_until_complete finished with '0'
[3.644s] DEBUG:colcon.colcon_core.event_reactor:joining thread
[3.665s] INFO:colcon.colcon_core.plugin_system:Skipping extension 'colcon_notification.desktop_notification.notify_send': Could not find 'notify-send'
[3.665s] INFO:colcon.colcon_core.plugin_system:Skipping extension 'colcon_notification.desktop_notification.terminal_notifier': Not used on non-Darwin systems
[3.666s] INFO:colcon.colcon_core.plugin_system:Skipping extension 'colcon_notification.desktop_notification.win32': Not used on non-Windows systems
[3.666s] INFO:colcon.colcon_notification.desktop_notification:Sending desktop notification using 'notify2'
[3.668s] DEBUG:colcon.colcon_notification.desktop_notification.notify2:Failed to initialize notify2: org.freedesktop.DBus.Error.Spawn.ExecFailed: /usr/bin/dbus-launch terminated abnormally without any error message
[3.669s] DEBUG:colcon.colcon_core.event_reactor:joined thread
[3.676s] INFO:colcon.colcon_core.shell:Creating prefix script '/home/rosdev/ros2_ws/src/install/local_setup.ps1'
[3.684s] INFO:colcon.colcon_core.shell:Creating prefix util module '/home/rosdev/ros2_ws/src/install/_local_setup_util_ps1.py'
[3.691s] INFO:colcon.colcon_core.shell:Creating prefix chain script '/home/rosdev/ros2_ws/src/install/setup.ps1'
[3.704s] INFO:colcon.colcon_core.shell:Creating prefix script '/home/rosdev/ros2_ws/src/install/local_setup.sh'
[3.710s] INFO:colcon.colcon_core.shell:Creating prefix util module '/home/rosdev/ros2_ws/src/install/_local_setup_util_sh.py'
[3.716s] INFO:colcon.colcon_core.shell:Creating prefix chain script '/home/rosdev/ros2_ws/src/install/setup.sh'
[3.730s] INFO:colcon.colcon_core.shell:Creating prefix script '/home/rosdev/ros2_ws/src/install/local_setup.bash'
[3.737s] INFO:colcon.colcon_core.shell:Creating prefix chain script '/home/rosdev/ros2_ws/src/install/setup.bash'
[3.749s] INFO:colcon.colcon_core.shell:Creating prefix script '/home/rosdev/ros2_ws/src/install/local_setup.zsh'
[3.756s] INFO:colcon.colcon_core.shell:Creating prefix chain script '/home/rosdev/ros2_ws/src/install/setup.zsh'
